* checking dependencies in R code ... WARNING
'::' or ':::' imports not declared from:
  ‘readr’ ‘tibble’
Namespace in Imports field not imported from: ‘magrittr’
  All declared Imports should be used.
* checking S3 generic/method consistency ... OK
* checking replacement functions ... OK
* checking foreign function calls ... OK
* checking R code for possible problems ... NOTE
get.best.clustering.supervised: no visible binding for global variable
  ‘cluster.sweep.rda’
model_viperMatcher: no visible global function definition for ‘new’
momaRunner: no visible global function definition for ‘new’
viperMatch.constructor: no visible global function definition for
  ‘map.entrez’
Undefined global functions or variables:
  cluster.sweep.rda map.entrez new
Consider adding
  importFrom("methods", "new")
to your NAMESPACE file (and ensure that your DESCRIPTION Imports field
contains 'methods').
* checking Rd files ... OK
* checking Rd metadata ... OK
* checking Rd cross-references ... OK
* checking for missing documentation entries ... WARNING
Undocumented code objects:
  ‘get.empirical.qvals’ ‘samplename.filter’ ‘viper.getSigTFS’
All user-level objects in a package should have documentation entries.
See chapter ‘Writing R documentation files’ in the ‘Writing R
Extensions’ manual.
* checking for code/documentation mismatches ... OK
* checking Rd \usage sections ... WARNING
Undocumented arguments in documentation object 'associate.events'
  ‘min.events’ ‘whitelist’ ‘blacklist’
Duplicated \argument entries in documentation object 'associate.events':
  ‘:’ ‘:’
Documented arguments not in \usage in documentation object 'associate.events':
  ‘:’

Undocumented arguments in documentation object 'cnvScoreStouffer'
  ‘mapping’ ‘diggit.interactions’ ‘cytoband’ ‘from.p’ ‘pos.nes.only’
Documented arguments not in \usage in documentation object 'cnvScoreStouffer':
  ‘mapping:’ ‘diggit.interactions:’

Undocumented arguments in documentation object 'fit.curve.percent'
  ‘sweep’ ‘frac’

Undocumented arguments in documentation object 'get.best.clustering.supervised'
  ‘cluster.sweep’ ‘clinical.tibble’ ‘tissue’ ‘progression.free.surv’

Undocumented arguments in documentation object 'get.clin'
  ‘clin.file’

Undocumented arguments in documentation object 'get.coverage'
  ‘topN’ ‘mutation.filter’

Undocumented arguments in documentation object 'get.diggit.empiricalQvalues'
  ‘alternative’
Documented arguments not in \usage in documentation object 'get.diggit.empiricalQvalues':
  ‘alt’

Undocumented arguments in documentation object 'mapScores.cnvBand'
  ‘mapping’ ‘diggit.interactions’ ‘from.p’ ‘pos.nes.only’
Documented arguments not in \usage in documentation object 'mapScores.cnvBand':
  ‘mapping:’ ‘diggit.interactions:’

Undocumented arguments in documentation object 'merge.genomicSaturation'
  ‘coverage.range’ ‘topN’

Undocumented arguments in documentation object 'moma.constructor'
  ‘viper’ ‘gene.blacklist’ ‘output.folder’ ‘gene.loc.mapping’
Documented arguments not in \usage in documentation object 'moma.constructor':
  ‘cytoband.mapping’

Undocumented arguments in documentation object 'pathway.diggit.intersect'
  ‘diggit.int’ ‘pathway’ ‘pos.nes.only’
Documented arguments not in \usage in documentation object 'pathway.diggit.intersect':
  ‘:’

Undocumented arguments in documentation object 'rea'
  ‘maxsize’

Undocumented arguments in documentation object 'sample.overlap'
  ‘cnv.threshold’ ‘verbose’

Undocumented arguments in documentation object 'sig.interactors.DIGGIT'
  ‘cindy’ ‘p.thresh’ ‘cindy.only’

Undocumented arguments in documentation object 'stouffer.integrate'
  ‘interactions’ ‘cytoband.map’

Undocumented arguments in documentation object 'subset.list.interactions'
  ‘int.l’ ‘keys’

Undocumented arguments in documentation object 'survplot.best.v.worst'
  ‘clinical.tibble’ ‘clustering’ ‘output’ ‘title.print’

Undocumented arguments in documentation object 'tibble.add_clusters'
  ‘data’ ‘clustering’

Undocumented arguments in documentation object 'tibble.survfit'
  ‘data’

Undocumented arguments in documentation object 'tibble.survfit.progression_free'
  ‘data’

Undocumented arguments in documentation object 'tibble.survfit_select'
  ‘clustering’ ‘clinical.tibble’ ‘progression.free.surv’

Undocumented arguments in documentation object 'valid.diggit.interactions'
  ‘cnv’ ‘gene.loc.mapping’

Functions with \usage entries need to have the appropriate \alias
entries, and all their arguments documented.
The \usage entries must correspond to syntactically valid R code.
See chapter ‘Writing R documentation files’ in the ‘Writing R
Extensions’ manual.
* checking Rd contents ... OK
* checking for unstated dependencies in examples ... OK
* checking examples ... NONE
* checking PDF version of manual ... OK
* DONE
Status: 4 WARNINGs, 2 NOTEs
