--- re-building ‘moma.Rmd’ using rmarkdown

Computing associations of 384 Amplifications with 2506 regulators
Process started at Fri Nov 22 16:05:07 2019

Process ended at Fri Nov 22 16:05:08 2019

Computing associations of 771 Deletions with 2506 regulators
Process started at Fri Nov 22 16:05:08 2019

Process ended at Fri Nov 22 16:05:09 2019

Computing associations of 118 Mutations with 2506 regulators
Process started at Fri Nov 22 16:05:09 2019

Process ended at Fri Nov 22 16:05:09 2019

Computing associations of 2 Fusions with 2506 regulators
Process started at Fri Nov 22 16:05:09 2019

Process ended at Fri Nov 22 16:05:09 2019
Quitting from lines 115-120 (moma.Rmd) 
Error: processing vignette 'moma.Rmd' failed with diagnostics:
10 simultaneous processes spawned
--- failed re-building ‘moma.Rmd’

SUMMARY: processing the following file failed:
  ‘moma.Rmd’

Error: Vignette re-building failed.
Execution halted
